<?xml version="1.0" encoding="UTF-8"?>
<!-- Generated by org.testng.reporters.JUnitReportReporter -->
<testsuite hostname="DESKTOP-FFKH9HB" failures="0" tests="1" name="SeleniumProject.APITest" time="0.008" errors="0" timestamp="2020-04-15T20:25:59 AEST" skipped="0">
  <testcase classname="SeleniumProject.APITest" name="postman" time="0.008"/>
  <system-out/>
</testsuite> <!-- SeleniumProject.APITest -->
