<?xml version="1.0" encoding="UTF-8"?>
<!-- Generated by org.testng.reporters.JUnitReportReporter -->
<testsuite hostname="DESKTOP-FFKH9HB" failures="0" tests="1" name="SeleniumProject.APITest" time="0.011" errors="0" timestamp="2020-02-23T19:31:08 AEST" skipped="0">
  <testcase classname="SeleniumProject.APITest" name="postman" time="0.011"/>
  <system-out/>
</testsuite> <!-- SeleniumProject.APITest -->
